<?xml version="1.0" encoding="UTF-8"?>
<!-- Generated by org.testng.reporters.JUnitReportReporter -->
<testsuite skipped="0" hostname="XE-TMAC-ANUBRATAG" name="com.saal.challenge.WebTest" tests="1" failures="0" timestamp="27 May 2019 21:03:58 GMT" time="65.442" errors="0">
  <testcase name="checkoutTest" time="65.442" classname="com.saal.challenge.WebTest"/>
</testsuite> <!-- com.saal.challenge.WebTest -->
